<?xml version="1.0" encoding="UTF-8"?>
<Site BuildName="(empty)"
	BuildStamp="20240511-1440-Experimental"
	Name="(empty)"
	Generator="ctest-3.20.21032501-MSVC_2"
	CompilerName=""
	CompilerVersion=""
	OSName="Windows"
	Hostname="Hana"
	OSRelease=" Personal"
	OSVersion=" (Build 22631)"
	OSPlatform="AMD64"
	Is64Bits="1"
	VendorString="GenuineIntel"
	VendorID="Intel Corporation"
	FamilyID="6"
	ModelID="10"
	ProcessorCacheSize="-1"
	NumberOfLogicalCPU="20"
	NumberOfPhysicalCPU="14"
	TotalVirtualMemory="23428"
	TotalPhysicalMemory="16004"
	LogicalProcessorsPerPhysical="1"
	ProcessorClockFrequency="2688"
	>
	<Testing>
		<StartDateTime>May 11 22:40 Taipei Standard Time</StartDateTime>
		<StartTestTime>1715438436</StartTestTime>
		<TestList/>
		<EndDateTime>May 11 22:40 Taipei Standard Time</EndDateTime>
		<EndTestTime>1715438436</EndTestTime>
		<ElapsedMinutes>0</ElapsedMinutes>
	</Testing>
</Site>
